2026-04-24 10:18:45,610 [INFO] src.auth: 세션 복원: test@turtle.com (CWee55GjJVM5aWsbzH4MVBC70xe2)
2026-04-24 10:19:07,839 [DEBUG] PIL.Image: Importing AvifImagePlugin
2026-04-24 10:19:07,870 [DEBUG] PIL.Image: Importing BlpImagePlugin
2026-04-24 10:19:07,881 [DEBUG] PIL.Image: Importing BmpImagePlugin
2026-04-24 10:19:07,881 [DEBUG] PIL.Image: Importing BufrStubImagePlugin
2026-04-24 10:19:07,881 [DEBUG] PIL.Image: Importing CurImagePlugin
2026-04-24 10:19:07,881 [DEBUG] PIL.Image: Importing DcxImagePlugin
2026-04-24 10:19:07,886 [DEBUG] PIL.Image: Importing DdsImagePlugin
2026-04-24 10:19:07,886 [DEBUG] PIL.Image: Importing EpsImagePlugin
2026-04-24 10:19:07,886 [DEBUG] PIL.Image: Importing FitsImagePlugin
2026-04-24 10:19:07,886 [DEBUG] PIL.Image: Importing FliImagePlugin
2026-04-24 10:19:07,886 [DEBUG] PIL.Image: Importing FpxImagePlugin
2026-04-24 10:19:07,886 [DEBUG] PIL.Image: Image: failed to import FpxImagePlugin: No module named 'olefile'
2026-04-24 10:19:07,886 [DEBUG] PIL.Image: Importing FtexImagePlugin
2026-04-24 10:19:07,902 [DEBUG] PIL.Image: Importing GbrImagePlugin
2026-04-24 10:19:07,902 [DEBUG] PIL.Image: Importing GifImagePlugin
2026-04-24 10:19:07,902 [DEBUG] PIL.Image: Importing GribStubImagePlugin
2026-04-24 10:19:07,902 [DEBUG] PIL.Image: Importing Hdf5StubImagePlugin
2026-04-24 10:19:07,902 [DEBUG] PIL.Image: Importing IcnsImagePlugin
2026-04-24 10:19:07,902 [DEBUG] PIL.Image: Importing IcoImagePlugin
2026-04-24 10:19:07,902 [DEBUG] PIL.Image: Importing ImImagePlugin
2026-04-24 10:19:07,918 [DEBUG] PIL.Image: Importing ImtImagePlugin
2026-04-24 10:19:07,918 [DEBUG] PIL.Image: Importing IptcImagePlugin
2026-04-24 10:19:07,918 [DEBUG] PIL.Image: Importing JpegImagePlugin
2026-04-24 10:19:07,918 [DEBUG] PIL.Image: Importing Jpeg2KImagePlugin
2026-04-24 10:19:07,918 [DEBUG] PIL.Image: Importing McIdasImagePlugin
2026-04-24 10:19:07,918 [DEBUG] PIL.Image: Importing MicImagePlugin
2026-04-24 10:19:07,918 [DEBUG] PIL.Image: Image: failed to import MicImagePlugin: No module named 'olefile'
2026-04-24 10:19:07,918 [DEBUG] PIL.Image: Importing MpegImagePlugin
2026-04-24 10:19:07,918 [DEBUG] PIL.Image: Importing MpoImagePlugin
2026-04-24 10:19:07,934 [DEBUG] PIL.Image: Importing MspImagePlugin
2026-04-24 10:19:07,934 [DEBUG] PIL.Image: Importing PalmImagePlugin
2026-04-24 10:19:07,934 [DEBUG] PIL.Image: Importing PcdImagePlugin
2026-04-24 10:19:07,934 [DEBUG] PIL.Image: Importing PcxImagePlugin
2026-04-24 10:19:07,934 [DEBUG] PIL.Image: Importing PdfImagePlugin
2026-04-24 10:19:07,934 [DEBUG] PIL.Image: Importing PixarImagePlugin
2026-04-24 10:19:07,951 [DEBUG] PIL.Image: Importing PngImagePlugin
2026-04-24 10:19:07,951 [DEBUG] PIL.Image: Importing PpmImagePlugin
2026-04-24 10:19:07,951 [DEBUG] PIL.Image: Importing PsdImagePlugin
2026-04-24 10:19:07,951 [DEBUG] PIL.Image: Importing QoiImagePlugin
2026-04-24 10:19:07,958 [DEBUG] PIL.Image: Importing SgiImagePlugin
2026-04-24 10:19:07,958 [DEBUG] PIL.Image: Importing SpiderImagePlugin
2026-04-24 10:19:07,958 [DEBUG] PIL.Image: Importing SunImagePlugin
2026-04-24 10:19:07,958 [DEBUG] PIL.Image: Importing TgaImagePlugin
2026-04-24 10:19:07,958 [DEBUG] PIL.Image: Importing TiffImagePlugin
2026-04-24 10:19:07,958 [DEBUG] PIL.Image: Importing WebPImagePlugin
2026-04-24 10:19:07,991 [DEBUG] PIL.Image: Importing WmfImagePlugin
2026-04-24 10:19:07,991 [DEBUG] PIL.Image: Importing XbmImagePlugin
2026-04-24 10:19:07,991 [DEBUG] PIL.Image: Importing XpmImagePlugin
2026-04-24 10:19:07,991 [DEBUG] PIL.Image: Importing XVThumbImagePlugin
2026-04-24 10:20:08,249 [DEBUG] urllib3.connectionpool: Starting new HTTPS connection (1): oauth2.googleapis.com:443
2026-04-24 10:20:09,328 [DEBUG] urllib3.connectionpool: https://oauth2.googleapis.com:443 "POST /token HTTP/1.1" 200 None
2026-04-24 10:20:09,448 [INFO] src.utils.firebase_uploader: 업로드 완료: hour/CWee55GjJVM5aWsbzH4MVBC70xe2/2026-04-24/10~11
2026-04-24 10:21:09,762 [INFO] src.utils.firebase_uploader: 업로드 완료: hour/CWee55GjJVM5aWsbzH4MVBC70xe2/2026-04-24/10~11
